ERROR - 2025-12-08 08:24:40 --> Severity: Warning --> mysqli::real_connect(): (HY000/2002): A connection attempt failed because the connected party did not properly respond after a period of time, or established connection failed because connected host has failed to respond.
 D:\laragon\www\bkk_praktek\system\database\drivers\mysqli\mysqli_driver.php 201
ERROR - 2025-12-08 08:24:40 --> Unable to connect to the database
ERROR - 2025-12-08 08:24:50 --> Severity: Warning --> mysqli::real_connect(): (HY000/2002): A connection attempt failed because the connected party did not properly respond after a period of time, or established connection failed because connected host has failed to respond.
 D:\laragon\www\bkk_praktek\system\database\drivers\mysqli\mysqli_driver.php 201
ERROR - 2025-12-08 08:24:50 --> Unable to connect to the database
ERROR - 2025-12-08 08:25:00 --> Severity: Warning --> mysqli::real_connect(): (HY000/2002): A connection attempt failed because the connected party did not properly respond after a period of time, or established connection failed because connected host has failed to respond.
 D:\laragon\www\bkk_praktek\system\database\drivers\mysqli\mysqli_driver.php 201
ERROR - 2025-12-08 08:25:00 --> Unable to connect to the database
ERROR - 2025-12-08 08:40:55 --> Could not find the language line "form_validation_required"
ERROR - 2025-12-08 08:40:57 --> Could not find the language line "form_validation_required"
ERROR - 2025-12-08 08:42:02 --> Could not find the language line "form_validation_required"
ERROR - 2025-12-08 08:42:49 --> Could not find the language line "form_validation_required"
ERROR - 2025-12-08 08:42:52 --> Could not find the language line "form_validation_required"
ERROR - 2025-12-08 08:43:43 --> Could not find the language line "form_validation_required"
ERROR - 2025-12-08 08:46:29 --> Could not find the language line "form_validation_required"
ERROR - 2025-12-08 08:55:00 --> 404 Page Not Found: /index
ERROR - 2025-12-08 08:55:00 --> 404 Page Not Found: /index
ERROR - 2025-12-08 08:55:38 --> 404 Page Not Found: /index
ERROR - 2025-12-08 08:55:38 --> 404 Page Not Found: /index
ERROR - 2025-12-08 08:55:54 --> 404 Page Not Found: /index
ERROR - 2025-12-08 08:55:54 --> 404 Page Not Found: /index
ERROR - 2025-12-08 08:56:07 --> 404 Page Not Found: /index
ERROR - 2025-12-08 08:56:07 --> 404 Page Not Found: /index
ERROR - 2025-12-08 08:59:30 --> 404 Page Not Found: /index
ERROR - 2025-12-08 08:59:30 --> 404 Page Not Found: /index
ERROR - 2025-12-08 09:00:09 --> 404 Page Not Found: /index
ERROR - 2025-12-08 09:00:10 --> 404 Page Not Found: /index
ERROR - 2025-12-08 09:00:19 --> 404 Page Not Found: /index
ERROR - 2025-12-08 09:00:19 --> 404 Page Not Found: /index
ERROR - 2025-12-08 09:00:19 --> 404 Page Not Found: /index
ERROR - 2025-12-08 09:44:35 --> 404 Page Not Found: /index
ERROR - 2025-12-08 09:44:36 --> 404 Page Not Found: /index
ERROR - 2025-12-08 09:46:58 --> 404 Page Not Found: /index
ERROR - 2025-12-08 09:46:58 --> 404 Page Not Found: /index
ERROR - 2025-12-08 09:55:20 --> 404 Page Not Found: /index
ERROR - 2025-12-08 09:55:21 --> 404 Page Not Found: /index
ERROR - 2025-12-08 09:55:21 --> 404 Page Not Found: /index
ERROR - 2025-12-08 09:55:22 --> 404 Page Not Found: /index
ERROR - 2025-12-08 09:57:27 --> 404 Page Not Found: /index
ERROR - 2025-12-08 09:57:27 --> 404 Page Not Found: /index
ERROR - 2025-12-08 09:57:39 --> 404 Page Not Found: /index
ERROR - 2025-12-08 09:57:39 --> 404 Page Not Found: /index
ERROR - 2025-12-08 09:57:56 --> 404 Page Not Found: /index
ERROR - 2025-12-08 09:57:57 --> 404 Page Not Found: /index
ERROR - 2025-12-08 10:51:01 --> 404 Page Not Found: 
ERROR - 2025-12-08 11:01:46 --> 404 Page Not Found: /index
ERROR - 2025-12-08 11:01:47 --> 404 Page Not Found: /index
ERROR - 2025-12-08 11:02:09 --> 404 Page Not Found: /index
ERROR - 2025-12-08 11:02:10 --> 404 Page Not Found: /index
ERROR - 2025-12-08 11:02:39 --> 404 Page Not Found: /index
ERROR - 2025-12-08 11:02:39 --> 404 Page Not Found: /index
ERROR - 2025-12-08 11:09:45 --> 404 Page Not Found: 
ERROR - 2025-12-08 11:09:49 --> 404 Page Not Found: 
ERROR - 2025-12-08 11:14:49 --> 404 Page Not Found: 
ERROR - 2025-12-08 11:16:15 --> 404 Page Not Found: 
ERROR - 2025-12-08 11:19:57 --> Severity: error --> Exception: syntax error, unexpected ' ' (T_STRING) D:\laragon\www\bkk_praktek\application\modules\frontpage\views\pages\mitra.php 395
ERROR - 2025-12-08 11:22:07 --> 404 Page Not Found: /index
ERROR - 2025-12-08 11:25:42 --> Severity: Notice --> Undefined variable: kategori D:\laragon\www\bkk_praktek\application\modules\administrator\views\new-blog.php 19
ERROR - 2025-12-08 11:25:42 --> Severity: Warning --> Invalid argument supplied for foreach() D:\laragon\www\bkk_praktek\application\modules\administrator\views\new-blog.php 19
ERROR - 2025-12-08 11:25:56 --> Severity: Notice --> Undefined variable: kategori D:\laragon\www\bkk_praktek\application\modules\administrator\views\new-blog.php 19
ERROR - 2025-12-08 11:25:56 --> Severity: Warning --> Invalid argument supplied for foreach() D:\laragon\www\bkk_praktek\application\modules\administrator\views\new-blog.php 19
ERROR - 2025-12-08 11:29:19 --> 404 Page Not Found: 
ERROR - 2025-12-08 11:29:29 --> 404 Page Not Found: 
ERROR - 2025-12-08 11:29:45 --> 404 Page Not Found: 
ERROR - 2025-12-08 11:29:54 --> 404 Page Not Found: /index
ERROR - 2025-12-08 11:29:54 --> 404 Page Not Found: /index
ERROR - 2025-12-08 11:37:04 --> 404 Page Not Found: 
ERROR - 2025-12-08 11:40:04 --> Severity: Notice --> Undefined variable: detail D:\laragon\www\bkk_praktek\application\modules\frontpage\views\pages\blog-detail.php 2
ERROR - 2025-12-08 11:40:04 --> Severity: Notice --> Trying to get property 'blog_judul' of non-object D:\laragon\www\bkk_praktek\application\modules\frontpage\views\pages\blog-detail.php 2
ERROR - 2025-12-08 11:40:04 --> Severity: Notice --> Undefined variable: detail D:\laragon\www\bkk_praktek\application\modules\frontpage\views\pages\blog-detail.php 4
ERROR - 2025-12-08 11:40:04 --> Severity: Notice --> Trying to get property 'blog_judul' of non-object D:\laragon\www\bkk_praktek\application\modules\frontpage\views\pages\blog-detail.php 4
ERROR - 2025-12-08 11:40:04 --> Severity: Notice --> Undefined variable: detail D:\laragon\www\bkk_praktek\application\modules\frontpage\views\pages\blog-detail.php 12
ERROR - 2025-12-08 11:40:04 --> Severity: Notice --> Trying to get property 'blog_judul' of non-object D:\laragon\www\bkk_praktek\application\modules\frontpage\views\pages\blog-detail.php 12
ERROR - 2025-12-08 11:40:04 --> Severity: Notice --> Undefined variable: detail D:\laragon\www\bkk_praktek\application\modules\frontpage\views\pages\blog-detail.php 14
ERROR - 2025-12-08 11:40:04 --> Severity: Notice --> Trying to get property 'blog_date' of non-object D:\laragon\www\bkk_praktek\application\modules\frontpage\views\pages\blog-detail.php 14
ERROR - 2025-12-08 11:40:04 --> Severity: Notice --> Undefined variable: detail D:\laragon\www\bkk_praktek\application\modules\frontpage\views\pages\blog-detail.php 30
ERROR - 2025-12-08 11:40:04 --> Severity: Notice --> Trying to get property 'blog_konten' of non-object D:\laragon\www\bkk_praktek\application\modules\frontpage\views\pages\blog-detail.php 30
ERROR - 2025-12-08 11:40:14 --> 404 Page Not Found: /index
ERROR - 2025-12-08 11:40:58 --> Severity: Notice --> Undefined variable: detail D:\laragon\www\bkk_praktek\application\modules\frontpage\views\pages\blog-detail.php 2
ERROR - 2025-12-08 11:40:58 --> Severity: Notice --> Trying to get property 'blog_judul' of non-object D:\laragon\www\bkk_praktek\application\modules\frontpage\views\pages\blog-detail.php 2
ERROR - 2025-12-08 11:40:58 --> Severity: Notice --> Undefined variable: detail D:\laragon\www\bkk_praktek\application\modules\frontpage\views\pages\blog-detail.php 4
ERROR - 2025-12-08 11:40:58 --> Severity: Notice --> Trying to get property 'blog_judul' of non-object D:\laragon\www\bkk_praktek\application\modules\frontpage\views\pages\blog-detail.php 4
ERROR - 2025-12-08 11:40:58 --> Severity: Notice --> Undefined variable: detail D:\laragon\www\bkk_praktek\application\modules\frontpage\views\pages\blog-detail.php 10
ERROR - 2025-12-08 11:40:58 --> Severity: Notice --> Trying to get property 'blog_image' of non-object D:\laragon\www\bkk_praktek\application\modules\frontpage\views\pages\blog-detail.php 10
ERROR - 2025-12-08 11:40:58 --> Severity: Notice --> Undefined variable: detail D:\laragon\www\bkk_praktek\application\modules\frontpage\views\pages\blog-detail.php 17
ERROR - 2025-12-08 11:40:58 --> Severity: Notice --> Trying to get property 'blog_judul' of non-object D:\laragon\www\bkk_praktek\application\modules\frontpage\views\pages\blog-detail.php 17
ERROR - 2025-12-08 11:40:58 --> Severity: Notice --> Undefined variable: detail D:\laragon\www\bkk_praktek\application\modules\frontpage\views\pages\blog-detail.php 20
ERROR - 2025-12-08 11:40:58 --> Severity: Notice --> Trying to get property 'blog_date' of non-object D:\laragon\www\bkk_praktek\application\modules\frontpage\views\pages\blog-detail.php 20
ERROR - 2025-12-08 11:40:58 --> Severity: Notice --> Undefined variable: detail D:\laragon\www\bkk_praktek\application\modules\frontpage\views\pages\blog-detail.php 47
ERROR - 2025-12-08 11:40:58 --> Severity: Notice --> Trying to get property 'blog_konten' of non-object D:\laragon\www\bkk_praktek\application\modules\frontpage\views\pages\blog-detail.php 47
ERROR - 2025-12-08 11:41:04 --> Severity: Notice --> Undefined variable: detail D:\laragon\www\bkk_praktek\application\modules\frontpage\views\pages\blog-detail.php 2
ERROR - 2025-12-08 11:41:04 --> Severity: Notice --> Trying to get property 'blog_judul' of non-object D:\laragon\www\bkk_praktek\application\modules\frontpage\views\pages\blog-detail.php 2
ERROR - 2025-12-08 11:41:04 --> Severity: Notice --> Undefined variable: detail D:\laragon\www\bkk_praktek\application\modules\frontpage\views\pages\blog-detail.php 4
ERROR - 2025-12-08 11:41:04 --> Severity: Notice --> Trying to get property 'blog_judul' of non-object D:\laragon\www\bkk_praktek\application\modules\frontpage\views\pages\blog-detail.php 4
ERROR - 2025-12-08 11:41:04 --> Severity: Notice --> Undefined variable: detail D:\laragon\www\bkk_praktek\application\modules\frontpage\views\pages\blog-detail.php 10
ERROR - 2025-12-08 11:41:04 --> Severity: Notice --> Trying to get property 'blog_image' of non-object D:\laragon\www\bkk_praktek\application\modules\frontpage\views\pages\blog-detail.php 10
ERROR - 2025-12-08 11:41:04 --> Severity: Notice --> Undefined variable: detail D:\laragon\www\bkk_praktek\application\modules\frontpage\views\pages\blog-detail.php 17
ERROR - 2025-12-08 11:41:04 --> Severity: Notice --> Trying to get property 'blog_judul' of non-object D:\laragon\www\bkk_praktek\application\modules\frontpage\views\pages\blog-detail.php 17
ERROR - 2025-12-08 11:41:04 --> Severity: Notice --> Undefined variable: detail D:\laragon\www\bkk_praktek\application\modules\frontpage\views\pages\blog-detail.php 20
ERROR - 2025-12-08 11:41:04 --> Severity: Notice --> Trying to get property 'blog_date' of non-object D:\laragon\www\bkk_praktek\application\modules\frontpage\views\pages\blog-detail.php 20
ERROR - 2025-12-08 11:41:04 --> Severity: Notice --> Undefined variable: detail D:\laragon\www\bkk_praktek\application\modules\frontpage\views\pages\blog-detail.php 47
ERROR - 2025-12-08 11:41:04 --> Severity: Notice --> Trying to get property 'blog_konten' of non-object D:\laragon\www\bkk_praktek\application\modules\frontpage\views\pages\blog-detail.php 47
ERROR - 2025-12-08 11:41:35 --> 404 Page Not Found: /index
ERROR - 2025-12-08 11:41:35 --> 404 Page Not Found: /index
ERROR - 2025-12-08 11:41:41 --> 404 Page Not Found: /index
ERROR - 2025-12-08 11:41:41 --> 404 Page Not Found: /index
ERROR - 2025-12-08 11:42:55 --> 404 Page Not Found: /index
ERROR - 2025-12-08 11:43:26 --> 404 Page Not Found: /index
ERROR - 2025-12-08 11:43:49 --> Could not find the language line "form_validation_required"
ERROR - 2025-12-08 11:43:49 --> Could not find the language line "form_validation_required"
ERROR - 2025-12-08 11:43:49 --> Could not find the language line "form_validation_required"
ERROR - 2025-12-08 11:43:49 --> Could not find the language line "form_validation_required"
ERROR - 2025-12-08 11:43:49 --> Could not find the language line "form_validation_required"
ERROR - 2025-12-08 11:43:49 --> Could not find the language line "form_validation_required"
ERROR - 2025-12-08 11:43:49 --> Could not find the language line "form_validation_required"
ERROR - 2025-12-08 11:43:49 --> Could not find the language line "form_validation_required"
ERROR - 2025-12-08 11:43:49 --> Could not find the language line "form_validation_required"
ERROR - 2025-12-08 11:43:49 --> 404 Page Not Found: /index
ERROR - 2025-12-08 11:45:37 --> 404 Page Not Found: /index
ERROR - 2025-12-08 11:46:22 --> 404 Page Not Found: /index
ERROR - 2025-12-08 11:46:27 --> 404 Page Not Found: /index
ERROR - 2025-12-08 11:47:48 --> 404 Page Not Found: /index
ERROR - 2025-12-08 11:47:48 --> 404 Page Not Found: /index
ERROR - 2025-12-08 11:48:23 --> 404 Page Not Found: /index
ERROR - 2025-12-08 11:48:23 --> 404 Page Not Found: /index
ERROR - 2025-12-08 11:48:39 --> 404 Page Not Found: /index
ERROR - 2025-12-08 11:48:39 --> 404 Page Not Found: /index
ERROR - 2025-12-08 11:48:50 --> 404 Page Not Found: /index
ERROR - 2025-12-08 11:48:50 --> 404 Page Not Found: /index
ERROR - 2025-12-08 11:49:05 --> 404 Page Not Found: /index
ERROR - 2025-12-08 11:56:08 --> Severity: Notice --> Undefined variable: article D:\laragon\www\bkk_praktek\application\modules\frontpage\views\pages\blog-detail.php 341
ERROR - 2025-12-08 11:56:08 --> Severity: Notice --> Trying to get property 'title' of non-object D:\laragon\www\bkk_praktek\application\modules\frontpage\views\pages\blog-detail.php 341
ERROR - 2025-12-08 11:56:08 --> Severity: Notice --> Undefined variable: article D:\laragon\www\bkk_praktek\application\modules\frontpage\views\pages\blog-detail.php 343
ERROR - 2025-12-08 11:56:08 --> Severity: Notice --> Trying to get property 'author' of non-object D:\laragon\www\bkk_praktek\application\modules\frontpage\views\pages\blog-detail.php 343
ERROR - 2025-12-08 11:56:08 --> Severity: Notice --> Undefined variable: article D:\laragon\www\bkk_praktek\application\modules\frontpage\views\pages\blog-detail.php 343
ERROR - 2025-12-08 11:56:08 --> Severity: Notice --> Trying to get property 'created_at' of non-object D:\laragon\www\bkk_praktek\application\modules\frontpage\views\pages\blog-detail.php 343
ERROR - 2025-12-08 11:56:08 --> Severity: Notice --> Undefined variable: article D:\laragon\www\bkk_praktek\application\modules\frontpage\views\pages\blog-detail.php 355
ERROR - 2025-12-08 11:56:08 --> Severity: Notice --> Trying to get property 'content' of non-object D:\laragon\www\bkk_praktek\application\modules\frontpage\views\pages\blog-detail.php 355
ERROR - 2025-12-08 13:10:41 --> 404 Page Not Found: /index
ERROR - 2025-12-08 13:10:41 --> 404 Page Not Found: /index
ERROR - 2025-12-08 13:31:40 --> 404 Page Not Found: 
ERROR - 2025-12-08 13:31:43 --> 404 Page Not Found: 
ERROR - 2025-12-08 13:35:04 --> 404 Page Not Found: 
ERROR - 2025-12-08 13:38:45 --> 404 Page Not Found: /index
ERROR - 2025-12-08 13:38:46 --> 404 Page Not Found: /index
ERROR - 2025-12-08 13:38:54 --> 404 Page Not Found: /index
ERROR - 2025-12-08 13:38:55 --> 404 Page Not Found: /index
ERROR - 2025-12-08 13:44:09 --> Could not find the language line "form_validation_required"
ERROR - 2025-12-08 13:44:09 --> Could not find the language line "form_validation_required"
ERROR - 2025-12-08 13:44:09 --> Could not find the language line "form_validation_required"
ERROR - 2025-12-08 13:44:09 --> Could not find the language line "form_validation_required"
ERROR - 2025-12-08 13:44:09 --> Could not find the language line "form_validation_required"
ERROR - 2025-12-08 13:44:46 --> Path unggah tampaknya tidak sah.
ERROR - 2025-12-08 13:44:53 --> Path unggah tampaknya tidak sah.
ERROR - 2025-12-08 13:45:27 --> Path unggah tampaknya tidak sah.
ERROR - 2025-12-08 13:45:38 --> Path unggah tampaknya tidak sah.
ERROR - 2025-12-08 13:46:49 --> Path unggah tampaknya tidak sah.
ERROR - 2025-12-08 13:51:42 --> Query error: Unknown column 'user_email' in 'where clause' - Invalid query: SELECT *
FROM `tb_users`
WHERE `user_email` IS NULL
ERROR - 2025-12-08 13:51:55 --> Query error: Unknown column 'user_email' in 'where clause' - Invalid query: SELECT *
FROM `tb_users`
WHERE `user_email` IS NULL
ERROR - 2025-12-08 13:52:18 --> Severity: Notice --> Array to string conversion D:\laragon\www\bkk_praktek\application\modules\frontpage\views\pages\karir-detail.php 408
ERROR - 2025-12-08 13:52:18 --> Query error: Unknown column 'user_email' in 'where clause' - Invalid query: SELECT *
FROM `tb_users`
WHERE `user_email` IS NULL
ERROR - 2025-12-08 13:52:27 --> Severity: Notice --> Array to string conversion D:\laragon\www\bkk_praktek\application\modules\frontpage\views\pages\karir-detail.php 408
ERROR - 2025-12-08 13:52:27 --> Query error: Unknown column 'user_email' in 'where clause' - Invalid query: SELECT *
FROM `tb_users`
WHERE `user_email` IS NULL
ERROR - 2025-12-08 13:53:42 --> Query error: Unknown column 'user_email' in 'where clause' - Invalid query: SELECT *
FROM `tb_users`
WHERE `user_email` IS NULL
ERROR - 2025-12-08 13:53:43 --> Query error: Unknown column 'user_email' in 'where clause' - Invalid query: SELECT *
FROM `tb_users`
WHERE `user_email` IS NULL
ERROR - 2025-12-08 13:53:45 --> Query error: Unknown column 'user_email' in 'where clause' - Invalid query: SELECT *
FROM `tb_users`
WHERE `user_email` IS NULL
ERROR - 2025-12-08 13:53:49 --> Query error: Unknown column 'user_email' in 'where clause' - Invalid query: SELECT *
FROM `tb_users`
WHERE `user_email` IS NULL
ERROR - 2025-12-08 13:54:46 --> Severity: error --> Exception: Object of class stdClass could not be converted to string D:\laragon\www\bkk_praktek\application\modules\frontpage\views\pages\karir-detail.php 412
ERROR - 2025-12-08 13:55:38 --> Query error: Unknown column 'user_email' in 'where clause' - Invalid query: SELECT *
FROM `tb_users`
WHERE `user_email` IS NULL
ERROR - 2025-12-08 13:56:05 --> 404 Page Not Found: /index
ERROR - 2025-12-08 13:56:05 --> 404 Page Not Found: /index
ERROR - 2025-12-08 13:56:29 --> 404 Page Not Found: /index
ERROR - 2025-12-08 13:56:29 --> 404 Page Not Found: /index
ERROR - 2025-12-08 14:34:16 --> 404 Page Not Found: 
ERROR - 2025-12-08 14:34:26 --> 404 Page Not Found: 
ERROR - 2025-12-08 14:35:03 --> 404 Page Not Found: /index
ERROR - 2025-12-08 14:42:58 --> 404 Page Not Found: /index
ERROR - 2025-12-08 14:48:54 --> 404 Page Not Found: /index
ERROR - 2025-12-08 14:49:25 --> 404 Page Not Found: /index
ERROR - 2025-12-08 14:49:28 --> 404 Page Not Found: /index
ERROR - 2025-12-08 14:49:41 --> 404 Page Not Found: /index
ERROR - 2025-12-08 15:00:45 --> Severity: error --> Exception: syntax error, unexpected ' ' (T_STRING) D:\laragon\www\bkk_praktek\application\modules\frontpage\views\pages\faq.php 760
ERROR - 2025-12-08 15:05:21 --> Severity: error --> Exception: syntax error, unexpected ' ' (T_STRING) D:\laragon\www\bkk_praktek\application\modules\frontpage\views\pages\faq.php 500
ERROR - 2025-12-08 15:47:33 --> 404 Page Not Found: /index
ERROR - 2025-12-08 15:47:33 --> 404 Page Not Found: /index
ERROR - 2025-12-08 20:25:45 --> Query error: Table 'fmtokpxn_DB_bkk.tb_mitra' doesn't exist - Invalid query: SELECT *
FROM `tb_mitra`
ERROR - 2025-12-08 20:40:40 --> 404 Page Not Found: /index
ERROR - 2025-12-08 20:40:40 --> 404 Page Not Found: /index
ERROR - 2025-12-08 20:40:40 --> 404 Page Not Found: /index
ERROR - 2025-12-08 20:47:19 --> Query error: Table 'fmtokpxn_DB_bkk.tb_kategori' doesn't exist - Invalid query: SELECT *
FROM `tb_kategori`
WHERE `jenis_kategori` = 'keahlian'
ORDER BY `nama_kategori` ASC
ERROR - 2025-12-08 20:51:01 --> Query error: Table 'fmtokpxn_DB_bkk.tb_gallery' doesn't exist - Invalid query: SELECT *
FROM `tb_gallery`
ORDER BY `gallery_created_at` DESC
 LIMIT 9
ERROR - 2025-12-08 20:58:04 --> 404 Page Not Found: 
ERROR - 2025-12-08 21:20:28 --> 404 Page Not Found: 
ERROR - 2025-12-08 21:20:34 --> 404 Page Not Found: 
ERROR - 2025-12-08 21:33:00 --> 404 Page Not Found: 
ERROR - 2025-12-08 22:04:20 --> 404 Page Not Found: 
ERROR - 2025-12-08 22:21:40 --> 404 Page Not Found: /index
ERROR - 2025-12-08 22:21:41 --> 404 Page Not Found: /index
ERROR - 2025-12-08 22:21:41 --> 404 Page Not Found: /index
ERROR - 2025-12-08 22:21:45 --> 404 Page Not Found: /index
ERROR - 2025-12-08 22:21:45 --> 404 Page Not Found: /index
ERROR - 2025-12-08 22:21:45 --> 404 Page Not Found: /index
ERROR - 2025-12-08 23:01:33 --> 404 Page Not Found: /index
ERROR - 2025-12-08 23:29:46 --> 404 Page Not Found: 
